c:\users\kkw22\source\repos\programmer\programmer\x64\debug\vc142.pdb
c:\users\kkw22\source\repos\programmer\programmer\x64\debug\vc142.idb
c:\users\kkw22\source\repos\programmer\programmer\x64\debug\test.nativecodeanalysis.sarif
c:\users\kkw22\source\repos\programmer\programmer\x64\debug\test.nativecodeanalysis.xml
c:\users\kkw22\source\repos\programmer\programmer\x64\debug\test.obj
c:\users\kkw22\source\repos\programmer\programmer\x64\debug\linkisland.obj
c:\users\kkw22\source\repos\programmer\programmer\x64\debug\expresswithn.obj
c:\users\kkw22\source\repos\programmer\programmer\x64\debug\travel route.obj
c:\users\kkw22\source\repos\programmer\programmer\x64\debug\nqueen.obj
c:\users\kkw22\source\repos\programmer\programmer\x64\debug\racing.obj
c:\users\kkw22\source\repos\programmer\programmer\x64\debug\photo.obj
c:\users\kkw22\source\repos\programmer\programmer\x64\debug\station.obj
c:\users\kkw22\source\repos\programmer\programmer\x64\debug\nativecodeanalysis.read.1.tlog
c:\users\kkw22\source\repos\programmer\programmer\x64\debug\vc.nativecodeanalysis.all.xml
c:\users\kkw22\source\repos\programmer\x64\debug\programmer.pdb
c:\users\kkw22\source\repos\programmer\programmer\x64\debug\programmer.tlog\cl.command.1.tlog
c:\users\kkw22\source\repos\programmer\programmer\x64\debug\programmer.tlog\cl.read.1.tlog
c:\users\kkw22\source\repos\programmer\programmer\x64\debug\programmer.tlog\cl.write.1.tlog
c:\users\kkw22\source\repos\programmer\programmer\x64\debug\programmer.tlog\link-cvtres.read.1.tlog
c:\users\kkw22\source\repos\programmer\programmer\x64\debug\programmer.tlog\link-cvtres.write.1.tlog
c:\users\kkw22\source\repos\programmer\programmer\x64\debug\programmer.tlog\link-rc.read.1.tlog
c:\users\kkw22\source\repos\programmer\programmer\x64\debug\programmer.tlog\link-rc.write.1.tlog
c:\users\kkw22\source\repos\programmer\programmer\x64\debug\programmer.tlog\link.command.1.tlog
c:\users\kkw22\source\repos\programmer\programmer\x64\debug\programmer.tlog\link.read.1.tlog
c:\users\kkw22\source\repos\programmer\programmer\x64\debug\programmer.tlog\link.write.1.tlog
